<?xml version="1.0" encoding="UTF-8"?>
<!-- Generated by org.testng.reporters.JUnitXMLReporter -->
<testsuite ignored="0" hostname="LAPTOP-ECIVHE0M" failures="0" tests="3" name="BookedItineraryTest" time="55.174" errors="0" timestamp="2025-03-01T21:12:44 IST">
  <testcase classname="test.TC006_BookedItineraryTest" name="searchOrderIdAndShowall" time="28.013"/>
  <testcase classname="test.TC006_BookedItineraryTest" name="cancelSelectedHotelUsingButton" time="6.256"/>
  <testcase classname="test.TC006_BookedItineraryTest" name="cancelOrderUsingButtonInsideGrid" time="5.979"/>
</testsuite> <!-- BookedItineraryTest -->
