<?xml version="1.0" encoding="UTF-8"?>
<!-- Generated by org.testng.reporters.JUnitXMLReporter -->
<testsuite ignored="0" hostname="LAPTOP-ECIVHE0M" failures="1" tests="1" name="LogoutTest1" time="0.005" errors="0" timestamp="2025-03-01T00:42:52 IST">
  <testcase classname="test.TC007_LogoutTest" name="cancelOrderUsingButtonInsideGrid" time="0.0">
    <failure type="org.testng.TestNGException" message="
Cannot inject @Test annotated Method [cancelOrderUsingButtonInsideGrid] with [class java.lang.String, class java.lang.String, class java.lang.String, class java.lang.String].
For more information on native dependency injection please refer to https://testng.org/doc/documentation-main.html#native-dependency-injection">
      <![CDATA[org.testng.TestNGException: 
Cannot inject @Test annotated Method [cancelOrderUsingButtonInsideGrid] with [class java.lang.String, class java.lang.String, class java.lang.String, class java.lang.String].
For more information on native dependency injection please refer to https://testng.org/doc/documentation-main.html#native-dependency-injection
at java.base/java.util.ArrayList.forEach(ArrayList.java:1597)
... Removed 26 stack frames]]>
    </failure>
  </testcase> <!-- cancelOrderUsingButtonInsideGrid -->
</testsuite> <!-- LogoutTest1 -->
