<?xml version="1.0" encoding="UTF-8"?>
<!-- Generated by org.testng.reporters.JUnitXMLReporter -->
<testsuite ignored="0" hostname="LAPTOP-ECIVHE0M" failures="0" tests="3" name="BookedItineraryTest" time="45.958" errors="0" timestamp="2025-03-01T21:08:21 IST">
  <testcase classname="test.TC006_BookedItineraryTest" name="searchOrderIdAndShowall" time="24.543"/>
  <testcase classname="test.TC006_BookedItineraryTest" name="cancelSelectedHotelUsingButton" time="5.556"/>
  <testcase classname="test.TC006_BookedItineraryTest" name="cancelOrderUsingButtonInsideGrid" time="5.362"/>
</testsuite> <!-- BookedItineraryTest -->
